<?xml version="1.0" encoding="UTF-8"?>
<testng-results skipped="0" failed="0" ignored="0" total="1" passed="1">
  <reporter-output>
  </reporter-output>
  <suite name="Suite" duration-ms="44" started-at="2019-07-26T07:47:16Z" finished-at="2019-07-26T07:47:16Z">
    <groups>
    </groups>
    <test name="Test" duration-ms="44" started-at="2019-07-26T07:47:16Z" finished-at="2019-07-26T07:47:16Z">
      <class name="com.qa.jenkinspractice.Jenkins">
        <test-method status="PASS" signature="function()[pri:0, instance:com.qa.jenkinspractice.Jenkins@326de728]" name="function" duration-ms="0" started-at="2019-07-26T07:47:16Z" finished-at="2019-07-26T07:47:16Z">
          <reporter-output>
          </reporter-output>
        </test-method> <!-- function -->
      </class> <!-- com.qa.jenkinspractice.Jenkins -->
    </test> <!-- Test -->
  </suite> <!-- Suite -->
</testng-results>
